AARCH64 GAS  immediates1.asm 			page 1


   1              	.data
   2              	
   3 0000 54686520 	str: .asciz "The value is %i\n"
   3      76616C75 
   3      65206973 
   3      2025690A 
   3      00
   4              	
   5              	.text
   6              	
   7              	.global main
   8              	main:
   9 0000 FD7BBFA9 	    stp x29, x30, [sp, #-16]!
  10              	
  11 0004 E0000058 	    ldr x0, =str
  12 0008 01008012 	    mov w1, #-1 //-1 as a 32 bit int is 0xFFFFFFFF
  13 000c 00000094 	    bl printf
  14              	
  15              	
  16 0010 FD7BC1A8 	    ldp x29, x30, [sp], #16
  17 0014 00008052 	    mov w0, #0
  18 0018 C0035FD6 	    ret...
  18      00000000 
  18      00000000 
  18      00000000 
AARCH64 GAS  immediates1.asm 			page 2


DEFINED SYMBOLS
     immediates1.asm:3      .data:0000000000000000 str
     immediates1.asm:8      .text:0000000000000000 main
     immediates1.asm:9      .text:0000000000000000 $x
     immediates1.asm:18     .text:0000000000000020 $d

UNDEFINED SYMBOLS
printf
